<?xml version="1.0" encoding="UTF-8"?>
<coverage generated="1671143811891" clover="3.2.0">
  <project timestamp="1671143811891" name="All files">
    <metrics statements="21" coveredstatements="20" conditionals="6" coveredconditionals="6" methods="2" coveredmethods="1" elements="29" coveredelements="27" complexity="0" loc="21" ncloc="21" packages="1" files="1" classes="1"/>
    <file name="JuegoDeLaVida.js" path="F:\Users\PC\Documentos\Cursos\Bootcamp\BCDIC22-RN-juego-de-vida-js-team2\JuegoDeLaVida.js">
      <metrics statements="21" coveredstatements="20" conditionals="6" coveredconditionals="6" methods="2" coveredmethods="1"/>
      <line num="1" count="1" type="stmt"/>
      <line num="2" count="1" type="stmt"/>
      <line num="3" count="4" type="stmt"/>
      <line num="7" count="2" type="stmt"/>
      <line num="10" count="1" type="stmt"/>
      <line num="11" count="0" type="stmt"/>
      <line num="14" count="1" type="stmt"/>
      <line num="15" count="1" type="stmt"/>
      <line num="16" count="1" type="stmt"/>
      <line num="17" count="1" type="stmt"/>
      <line num="20" count="1" type="stmt"/>
      <line num="21" count="6" type="stmt"/>
      <line num="22" count="66" type="stmt"/>
      <line num="23" count="66" type="cond" truecount="2" falsecount="0"/>
      <line num="26" count="66" type="cond" truecount="2" falsecount="0"/>
      <line num="27" count="55" type="stmt"/>
      <line num="44" count="1" type="stmt"/>
      <line num="46" count="1" type="stmt"/>
      <line num="47" count="6" type="stmt"/>
      <line num="48" count="66" type="cond" truecount="2" falsecount="0"/>
      <line num="56" count="1" type="stmt"/>
    </file>
  </project>
</coverage>
